[INFO][2026-06-03 11:58:15][detector]:[Detector] Payload:
{
  __schema {
    queryType {
      name
    }
    mutationType {
      name
    }
    subscriptionType {
      name
    }
  }
}
[INFO][2026-06-03 11:58:15][detector]:[200]Response: {"data":{"__schema":{"queryType":{"name":"RootQuery"},"mutationType":{"name":"RootMutation"},"subscriptionType":null}}}
[INFO][2026-06-03 11:58:15][detector]:Vulnerable to Introspection Enabled
[INFO][2026-06-03 11:58:15][detector]:Potentially vulnerable to Introspection Enabled
[INFO][2026-06-03 11:58:15][detector]:Detector Introspection Enabled finished detecting - is_vulnerable: True - potentially_vulnerable: True
[INFO][2026-06-03 11:58:15][detector]:[Detector] Payload:
{
  adminUsersabc {
    id
  }
}
[INFO][2026-06-03 11:58:15][detector]:[400]Response: {"errors":[{"message":"Cannot query field \"adminUsersabc\" on type \"RootQuery\". Did you mean \"adminUsers\"?","locations":[{"line":2,"column":3}]}]}
[INFO][2026-06-03 11:58:15][detector]:Got errors: [{'message': 'Cannot query field "adminUsersabc" on type "RootQuery". Did you mean "adminUsers"?', 'locations': [{'line': 2, 'column': 3}]}]
[INFO][2026-06-03 11:58:15][detector]:Vulnerable to Field Suggestions Enabled
[INFO][2026-06-03 11:58:15][detector]:Potentially vulnerable to Field Suggestions Enabled
[INFO][2026-06-03 11:58:15][detector]:Detector Field Suggestions Enabled finished detecting - is_vulnerable: True - potentially_vulnerable: True
